C:\Program Files\Microsoft Visual Studio\2022\Community\MSBuild\Microsoft\VC\v170\Microsoft.CppBuild.targets(531,5): warning MSB8028: O diretório intermediário (Debug\) contém arquivos compartilhados de outro projeto (Hello3D.vcxproj). Isso pode levar a um comportamento incorreto de limpeza e recompilação.
  glad.c
  Origem.cpp
C:\Users\rafae\OneDrive\Documentos\GitHub\CG-tarefas\M1-piramide\Exericio8\Origem.cpp(279,27): warning C4305: 'inicializando': truncamento de 'double' para 'GLfloat'
C:\Users\rafae\OneDrive\Documentos\GitHub\CG-tarefas\M1-piramide\Exericio8\Origem.cpp(279,33): warning C4305: 'inicializando': truncamento de 'double' para 'GLfloat'
C:\Users\rafae\OneDrive\Documentos\GitHub\CG-tarefas\M1-piramide\Exericio8\Origem.cpp(280,27): warning C4305: 'inicializando': truncamento de 'double' para 'GLfloat'
C:\Users\rafae\OneDrive\Documentos\GitHub\CG-tarefas\M1-piramide\Exericio8\Origem.cpp(280,33): warning C4305: 'inicializando': truncamento de 'double' para 'GLfloat'
C:\Users\rafae\OneDrive\Documentos\GitHub\CG-tarefas\M1-piramide\Exericio8\Origem.cpp(281,27): warning C4305: 'inicializando': truncamento de 'double' para 'GLfloat'
C:\Users\rafae\OneDrive\Documentos\GitHub\CG-tarefas\M1-piramide\Exericio8\Origem.cpp(281,33): warning C4305: 'inicializando': truncamento de 'double' para 'GLfloat'
C:\Users\rafae\OneDrive\Documentos\GitHub\CG-tarefas\M1-piramide\Exericio8\Origem.cpp(283,27): warning C4305: 'inicializando': truncamento de 'double' para 'GLfloat'
C:\Users\rafae\OneDrive\Documentos\GitHub\CG-tarefas\M1-piramide\Exericio8\Origem.cpp(283,33): warning C4305: 'inicializando': truncamento de 'double' para 'GLfloat'
C:\Users\rafae\OneDrive\Documentos\GitHub\CG-tarefas\M1-piramide\Exericio8\Origem.cpp(284,28): warning C4305: 'inicializando': truncamento de 'double' para 'GLfloat'
C:\Users\rafae\OneDrive\Documentos\GitHub\CG-tarefas\M1-piramide\Exericio8\Origem.cpp(284,34): warning C4305: 'inicializando': truncamento de 'double' para 'GLfloat'
C:\Users\rafae\OneDrive\Documentos\GitHub\CG-tarefas\M1-piramide\Exericio8\Origem.cpp(285,28): warning C4305: 'inicializando': truncamento de 'double' para 'GLfloat'
C:\Users\rafae\OneDrive\Documentos\GitHub\CG-tarefas\M1-piramide\Exericio8\Origem.cpp(285,34): warning C4305: 'inicializando': truncamento de 'double' para 'GLfloat'
C:\Users\rafae\OneDrive\Documentos\GitHub\CG-tarefas\M1-piramide\Exericio8\Origem.cpp(288,28): warning C4305: 'inicializando': truncamento de 'double' para 'GLfloat'
C:\Users\rafae\OneDrive\Documentos\GitHub\CG-tarefas\M1-piramide\Exericio8\Origem.cpp(288,34): warning C4305: 'inicializando': truncamento de 'double' para 'GLfloat'
C:\Users\rafae\OneDrive\Documentos\GitHub\CG-tarefas\M1-piramide\Exericio8\Origem.cpp(289,28): warning C4305: 'inicializando': truncamento de 'double' para 'GLfloat'
C:\Users\rafae\OneDrive\Documentos\GitHub\CG-tarefas\M1-piramide\Exericio8\Origem.cpp(289,34): warning C4305: 'inicializando': truncamento de 'double' para 'GLfloat'
C:\Users\rafae\OneDrive\Documentos\GitHub\CG-tarefas\M1-piramide\Exericio8\Origem.cpp(290,28): warning C4305: 'inicializando': truncamento de 'double' para 'GLfloat'
C:\Users\rafae\OneDrive\Documentos\GitHub\CG-tarefas\M1-piramide\Exericio8\Origem.cpp(290,34): warning C4305: 'inicializando': truncamento de 'double' para 'GLfloat'
C:\Users\rafae\OneDrive\Documentos\GitHub\CG-tarefas\M1-piramide\Exericio8\Origem.cpp(293,23): warning C4305: 'inicializando': truncamento de 'double' para 'GLfloat'
C:\Users\rafae\OneDrive\Documentos\GitHub\CG-tarefas\M1-piramide\Exericio8\Origem.cpp(293,29): warning C4305: 'inicializando': truncamento de 'double' para 'GLfloat'
C:\Users\rafae\OneDrive\Documentos\GitHub\CG-tarefas\M1-piramide\Exericio8\Origem.cpp(293,35): warning C4305: 'inicializando': truncamento de 'double' para 'GLfloat'
C:\Users\rafae\OneDrive\Documentos\GitHub\CG-tarefas\M1-piramide\Exericio8\Origem.cpp(294,22): warning C4305: 'inicializando': truncamento de 'double' para 'GLfloat'
C:\Users\rafae\OneDrive\Documentos\GitHub\CG-tarefas\M1-piramide\Exericio8\Origem.cpp(294,28): warning C4305: 'inicializando': truncamento de 'double' para 'GLfloat'
C:\Users\rafae\OneDrive\Documentos\GitHub\CG-tarefas\M1-piramide\Exericio8\Origem.cpp(294,34): warning C4305: 'inicializando': truncamento de 'double' para 'GLfloat'
C:\Users\rafae\OneDrive\Documentos\GitHub\CG-tarefas\M1-piramide\Exericio8\Origem.cpp(295,22): warning C4305: 'inicializando': truncamento de 'double' para 'GLfloat'
C:\Users\rafae\OneDrive\Documentos\GitHub\CG-tarefas\M1-piramide\Exericio8\Origem.cpp(295,28): warning C4305: 'inicializando': truncamento de 'double' para 'GLfloat'
C:\Users\rafae\OneDrive\Documentos\GitHub\CG-tarefas\M1-piramide\Exericio8\Origem.cpp(295,34): warning C4305: 'inicializando': truncamento de 'double' para 'GLfloat'
  LINK : C:\Users\rafae\OneDrive\Documentos\GitHub\CG-tarefas\M1-piramide\Debug\M1-Piramide.exe não encontrado ou não compilado pelo o último link incremental; executando link completo
LINK : warning LNK4098: defaultlib 'MSVCRT' conflita com uso de outras bibliotecas; use /NODEFAULTLIB:library
  Exericio8.vcxproj -> C:\Users\rafae\OneDrive\Documentos\GitHub\CG-tarefas\M1-piramide\Debug\M1-Piramide.exe
