C:\Program Files\Microsoft Visual Studio\2022\Community\MSBuild\Microsoft\VC\v170\Microsoft.CppBuild.targets(531,5): warning MSB8028: O diretório intermediário (x64\Debug\) contém arquivos compartilhados de outro projeto (M6-trajetoria.vcxproj). Isso pode levar a um comportamento incorreto de limpeza e recompilação.
  stb_image.cpp
  Bezier.cpp
F:\GitHub\CG-tarefas\M6-trajetorias\CGUnisinos\Curve.cpp(34,50): warning C4267: 'argumento': conversão de 'size_t' para 'GLsizei', possível perda de dados
  (compilando o arquivo fonte 'Bezier.cpp')
  
F:\GitHub\CG-tarefas\M6-trajetorias\CGUnisinos\Curve.cpp(41,26): warning C4267: 'return': conversão de 'size_t' para 'int', possível perda de dados
  (compilando o arquivo fonte 'Bezier.cpp')
  
F:\GitHub\CG-tarefas\M6-trajetorias\CGUnisinos\Bezier.cpp(19,14): warning C4244: 'inicializando': conversão de 'double' para 'float', possível perda de dados
F:\GitHub\CG-tarefas\M6-trajetorias\CGUnisinos\Bezier.cpp(23,22): warning C4267: 'inicializando': conversão de 'size_t' para 'int', possível perda de dados
  Camera.cpp
F:\GitHub\CG-tarefas\M6-trajetorias\CGUnisinos\Camera.cpp(17,28): warning C4244: '=': conversão de 'double' para 'float', possível perda de dados
F:\GitHub\CG-tarefas\M6-trajetorias\CGUnisinos\Camera.cpp(18,29): warning C4244: '=': conversão de 'double' para 'float', possível perda de dados
F:\GitHub\CG-tarefas\M6-trajetorias\CGUnisinos\Camera.cpp(58,19): warning C4244: '-=': conversão de 'double' para 'float', possível perda de dados
F:\GitHub\CG-tarefas\M6-trajetorias\CGUnisinos\Camera.cpp(87,17): warning C4244: '=': conversão de 'double' para 'float', possível perda de dados
F:\GitHub\CG-tarefas\M6-trajetorias\CGUnisinos\Camera.cpp(88,17): warning C4244: '=': conversão de 'double' para 'float', possível perda de dados
F:\GitHub\CG-tarefas\M6-trajetorias\CGUnisinos\Camera.cpp(92,17): warning C4244: 'inicializando': conversão de 'double' para 'float', possível perda de dados
F:\GitHub\CG-tarefas\M6-trajetorias\CGUnisinos\Camera.cpp(93,17): warning C4244: 'inicializando': conversão de 'double' para 'float', possível perda de dados
F:\GitHub\CG-tarefas\M6-trajetorias\CGUnisinos\Camera.cpp(95,16): warning C4244: '=': conversão de 'double' para 'float', possível perda de dados
F:\GitHub\CG-tarefas\M6-trajetorias\CGUnisinos\Camera.cpp(96,16): warning C4244: '=': conversão de 'double' para 'float', possível perda de dados
  Curve.cpp
F:\GitHub\CG-tarefas\M6-trajetorias\CGUnisinos\Curve.cpp(34,50): warning C4267: 'argumento': conversão de 'size_t' para 'GLsizei', possível perda de dados
F:\GitHub\CG-tarefas\M6-trajetorias\CGUnisinos\Curve.cpp(41,26): warning C4267: 'return': conversão de 'size_t' para 'int', possível perda de dados
  Origem.cpp
F:\GitHub\CG-tarefas\M6-trajetorias\CGUnisinos\Camera.cpp(17,28): warning C4244: '=': conversão de 'double' para 'float', possível perda de dados
  (compilando o arquivo fonte 'Origem.cpp')
  
F:\GitHub\CG-tarefas\M6-trajetorias\CGUnisinos\Camera.cpp(18,29): warning C4244: '=': conversão de 'double' para 'float', possível perda de dados
  (compilando o arquivo fonte 'Origem.cpp')
  
F:\GitHub\CG-tarefas\M6-trajetorias\CGUnisinos\Camera.cpp(58,19): warning C4244: '-=': conversão de 'double' para 'float', possível perda de dados
  (compilando o arquivo fonte 'Origem.cpp')
  
F:\GitHub\CG-tarefas\M6-trajetorias\CGUnisinos\Camera.cpp(87,17): warning C4244: '=': conversão de 'double' para 'float', possível perda de dados
  (compilando o arquivo fonte 'Origem.cpp')
  
F:\GitHub\CG-tarefas\M6-trajetorias\CGUnisinos\Camera.cpp(88,17): warning C4244: '=': conversão de 'double' para 'float', possível perda de dados
  (compilando o arquivo fonte 'Origem.cpp')
  
F:\GitHub\CG-tarefas\M6-trajetorias\CGUnisinos\Camera.cpp(92,17): warning C4244: 'inicializando': conversão de 'double' para 'float', possível perda de dados
  (compilando o arquivo fonte 'Origem.cpp')
  
F:\GitHub\CG-tarefas\M6-trajetorias\CGUnisinos\Camera.cpp(93,17): warning C4244: 'inicializando': conversão de 'double' para 'float', possível perda de dados
  (compilando o arquivo fonte 'Origem.cpp')
  
F:\GitHub\CG-tarefas\M6-trajetorias\CGUnisinos\Camera.cpp(95,16): warning C4244: '=': conversão de 'double' para 'float', possível perda de dados
  (compilando o arquivo fonte 'Origem.cpp')
  
F:\GitHub\CG-tarefas\M6-trajetorias\CGUnisinos\Camera.cpp(96,16): warning C4244: '=': conversão de 'double' para 'float', possível perda de dados
  (compilando o arquivo fonte 'Origem.cpp')
  
F:\GitHub\CG-tarefas\M6-trajetorias\CGUnisinos\SceneObjInfo.cpp(83,23): warning C4267: 'inicializando': conversão de 'size_t' para 'int', possível perda de dados
  (compilando o arquivo fonte 'Origem.cpp')
  
F:\GitHub\CG-tarefas\M6-trajetorias\CGUnisinos\SceneObjInfo.cpp(87,14): warning C4267: 'inicializando': conversão de 'size_t' para 'int', possível perda de dados
  (compilando o arquivo fonte 'Origem.cpp')
  
F:\GitHub\CG-tarefas\M6-trajetorias\CGUnisinos\SceneObjInfo.cpp(101,26): warning C4267: '=': conversão de 'size_t' para 'int', possível perda de dados
  (compilando o arquivo fonte 'Origem.cpp')
  
F:\GitHub\CG-tarefas\M6-trajetorias\CGUnisinos\SceneObjInfo.cpp(160,32): warning C4267: '=': conversão de 'size_t' para 'int', possível perda de dados
  (compilando o arquivo fonte 'Origem.cpp')
  
F:\GitHub\CG-tarefas\M6-trajetorias\CGUnisinos\Curve.cpp(34,50): warning C4267: 'argumento': conversão de 'size_t' para 'GLsizei', possível perda de dados
  (compilando o arquivo fonte 'Origem.cpp')
  
F:\GitHub\CG-tarefas\M6-trajetorias\CGUnisinos\Curve.cpp(41,26): warning C4267: 'return': conversão de 'size_t' para 'int', possível perda de dados
  (compilando o arquivo fonte 'Origem.cpp')
  
F:\GitHub\CG-tarefas\M6-trajetorias\CGUnisinos\Bezier.cpp(19,14): warning C4244: 'inicializando': conversão de 'double' para 'float', possível perda de dados
  (compilando o arquivo fonte 'Origem.cpp')
  
F:\GitHub\CG-tarefas\M6-trajetorias\CGUnisinos\Bezier.cpp(23,22): warning C4267: 'inicializando': conversão de 'size_t' para 'int', possível perda de dados
  (compilando o arquivo fonte 'Origem.cpp')
  
F:\GitHub\CG-tarefas\M6-trajetorias\CGUnisinos\Origem.cpp(71,20): warning C4305: 'inicializando': truncamento de 'double' para 'float'
  Scene.cpp
F:\GitHub\CG-tarefas\M6-trajetorias\CGUnisinos\SceneObjInfo.cpp(83,23): warning C4267: 'inicializando': conversão de 'size_t' para 'int', possível perda de dados
  (compilando o arquivo fonte 'Scene.cpp')
  
F:\GitHub\CG-tarefas\M6-trajetorias\CGUnisinos\SceneObjInfo.cpp(87,14): warning C4267: 'inicializando': conversão de 'size_t' para 'int', possível perda de dados
  (compilando o arquivo fonte 'Scene.cpp')
  
F:\GitHub\CG-tarefas\M6-trajetorias\CGUnisinos\SceneObjInfo.cpp(101,26): warning C4267: '=': conversão de 'size_t' para 'int', possível perda de dados
  (compilando o arquivo fonte 'Scene.cpp')
  
F:\GitHub\CG-tarefas\M6-trajetorias\CGUnisinos\SceneObjInfo.cpp(160,32): warning C4267: '=': conversão de 'size_t' para 'int', possível perda de dados
  (compilando o arquivo fonte 'Scene.cpp')
  
F:\GitHub\CG-tarefas\M6-trajetorias\CGUnisinos\Curve.cpp(34,50): warning C4267: 'argumento': conversão de 'size_t' para 'GLsizei', possível perda de dados
  (compilando o arquivo fonte 'Scene.cpp')
  
F:\GitHub\CG-tarefas\M6-trajetorias\CGUnisinos\Curve.cpp(41,26): warning C4267: 'return': conversão de 'size_t' para 'int', possível perda de dados
  (compilando o arquivo fonte 'Scene.cpp')
  
F:\GitHub\CG-tarefas\M6-trajetorias\CGUnisinos\Bezier.cpp(19,14): warning C4244: 'inicializando': conversão de 'double' para 'float', possível perda de dados
  (compilando o arquivo fonte 'Scene.cpp')
  
F:\GitHub\CG-tarefas\M6-trajetorias\CGUnisinos\Bezier.cpp(23,22): warning C4267: 'inicializando': conversão de 'size_t' para 'int', possível perda de dados
  (compilando o arquivo fonte 'Scene.cpp')
  
F:\GitHub\CG-tarefas\M6-trajetorias\CGUnisinos\Camera.cpp(17,28): warning C4244: '=': conversão de 'double' para 'float', possível perda de dados
  (compilando o arquivo fonte 'Scene.cpp')
  
F:\GitHub\CG-tarefas\M6-trajetorias\CGUnisinos\Camera.cpp(18,29): warning C4244: '=': conversão de 'double' para 'float', possível perda de dados
  (compilando o arquivo fonte 'Scene.cpp')
  
F:\GitHub\CG-tarefas\M6-trajetorias\CGUnisinos\Camera.cpp(58,19): warning C4244: '-=': conversão de 'double' para 'float', possível perda de dados
  (compilando o arquivo fonte 'Scene.cpp')
  
F:\GitHub\CG-tarefas\M6-trajetorias\CGUnisinos\Camera.cpp(87,17): warning C4244: '=': conversão de 'double' para 'float', possível perda de dados
  (compilando o arquivo fonte 'Scene.cpp')
  
F:\GitHub\CG-tarefas\M6-trajetorias\CGUnisinos\Camera.cpp(88,17): warning C4244: '=': conversão de 'double' para 'float', possível perda de dados
  (compilando o arquivo fonte 'Scene.cpp')
  
F:\GitHub\CG-tarefas\M6-trajetorias\CGUnisinos\Camera.cpp(92,17): warning C4244: 'inicializando': conversão de 'double' para 'float', possível perda de dados
  (compilando o arquivo fonte 'Scene.cpp')
  
F:\GitHub\CG-tarefas\M6-trajetorias\CGUnisinos\Camera.cpp(93,17): warning C4244: 'inicializando': conversão de 'double' para 'float', possível perda de dados
  (compilando o arquivo fonte 'Scene.cpp')
  
F:\GitHub\CG-tarefas\M6-trajetorias\CGUnisinos\Camera.cpp(95,16): warning C4244: '=': conversão de 'double' para 'float', possível perda de dados
  (compilando o arquivo fonte 'Scene.cpp')
  
F:\GitHub\CG-tarefas\M6-trajetorias\CGUnisinos\Camera.cpp(96,16): warning C4244: '=': conversão de 'double' para 'float', possível perda de dados
  (compilando o arquivo fonte 'Scene.cpp')
  
  SceneObj.cpp
F:\GitHub\CG-tarefas\M6-trajetorias\CGUnisinos\SceneObjInfo.cpp(83,23): warning C4267: 'inicializando': conversão de 'size_t' para 'int', possível perda de dados
  (compilando o arquivo fonte 'SceneObj.cpp')
  
F:\GitHub\CG-tarefas\M6-trajetorias\CGUnisinos\SceneObjInfo.cpp(87,14): warning C4267: 'inicializando': conversão de 'size_t' para 'int', possível perda de dados
  (compilando o arquivo fonte 'SceneObj.cpp')
  
F:\GitHub\CG-tarefas\M6-trajetorias\CGUnisinos\SceneObjInfo.cpp(101,26): warning C4267: '=': conversão de 'size_t' para 'int', possível perda de dados
  (compilando o arquivo fonte 'SceneObj.cpp')
  
F:\GitHub\CG-tarefas\M6-trajetorias\CGUnisinos\SceneObjInfo.cpp(160,32): warning C4267: '=': conversão de 'size_t' para 'int', possível perda de dados
  (compilando o arquivo fonte 'SceneObj.cpp')
  
F:\GitHub\CG-tarefas\M6-trajetorias\CGUnisinos\Curve.cpp(34,50): warning C4267: 'argumento': conversão de 'size_t' para 'GLsizei', possível perda de dados
  (compilando o arquivo fonte 'SceneObj.cpp')
  
F:\GitHub\CG-tarefas\M6-trajetorias\CGUnisinos\Curve.cpp(41,26): warning C4267: 'return': conversão de 'size_t' para 'int', possível perda de dados
  (compilando o arquivo fonte 'SceneObj.cpp')
  
F:\GitHub\CG-tarefas\M6-trajetorias\CGUnisinos\Bezier.cpp(19,14): warning C4244: 'inicializando': conversão de 'double' para 'float', possível perda de dados
  (compilando o arquivo fonte 'SceneObj.cpp')
  
F:\GitHub\CG-tarefas\M6-trajetorias\CGUnisinos\Bezier.cpp(23,22): warning C4267: 'inicializando': conversão de 'size_t' para 'int', possível perda de dados
  (compilando o arquivo fonte 'SceneObj.cpp')
  
  SceneObjInfo.cpp
F:\GitHub\CG-tarefas\M6-trajetorias\CGUnisinos\SceneObjInfo.cpp(83,23): warning C4267: 'inicializando': conversão de 'size_t' para 'int', possível perda de dados
F:\GitHub\CG-tarefas\M6-trajetorias\CGUnisinos\SceneObjInfo.cpp(87,14): warning C4267: 'inicializando': conversão de 'size_t' para 'int', possível perda de dados
F:\GitHub\CG-tarefas\M6-trajetorias\CGUnisinos\SceneObjInfo.cpp(101,26): warning C4267: '=': conversão de 'size_t' para 'int', possível perda de dados
F:\GitHub\CG-tarefas\M6-trajetorias\CGUnisinos\SceneObjInfo.cpp(160,32): warning C4267: '=': conversão de 'size_t' para 'int', possível perda de dados
  Gerando Código...
  glad.c
LINK : warning LNK4098: defaultlib 'MSVCRT' conflita com uso de outras bibliotecas; use /NODEFAULTLIB:library
  CGUnisinos.vcxproj -> F:\GitHub\CG-tarefas\M6-trajetorias\CGUnisinos\x64\Debug\M6-trajetorias.exe
